<?xml version="1.0" encoding="UTF-8"?>
<!-- Generated by org.testng.reporters.JUnitXMLReporter -->
<testsuite ignored="0" hostname="DESKTOP-7T3TIR2" failures="0" tests="2" name="Default test" time="30.593" errors="0" timestamp="2024-10-14T12:11:48 IST">
  <testcase classname="coverFoxTest.TC12345_CoverFox_ValidateErrorMsgs" name="validatePincodeErrMsg" time="2.465"/>
  <testcase classname="coverFoxTest.TC12345_CoverFox_ValidateErrorMsgs" name="validateMobileNumErrMsg" time="2.284"/>
</testsuite> <!-- Default test -->
