<?xml version="1.0" encoding="UTF-8"?>
<!-- Generated by org.testng.reporters.JUnitXMLReporter -->
<testsuite ignored="0" hostname="DESKTOP-7T3TIR2" failures="0" tests="2" name="Test" time="30.721" errors="0" timestamp="2024-10-14T12:02:22 IST">
  <testcase classname="coverFoxTest.TC12345_CoverFox_ValidateErrorMsgs" name="validateMobileNumErrMsg" time="2.41"/>
  <testcase classname="coverFoxTest.TC12345_CoverFox_ValidateErrorMsgs" name="validatePincodeErrMsg" time="2.976"/>
</testsuite> <!-- Test -->
