<?xml version="1.0" encoding="UTF-8"?>
<testng-results ignored="0" total="2" passed="2" failed="0" skipped="0">
  <reporter-output>
    <line>
      <![CDATA[Launching Browser]]>
    </line>
    <line>
      <![CDATA[Waiting..]]>
    </line>
    <line>
      <![CDATA[Clicking on Gender Button ]]>
    </line>
    <line>
      <![CDATA[Clicking on Next Button HealthPlanPage ]]>
    </line>
    <line>
      <![CDATA[Handling Age DropDown..]]>
    </line>
    <line>
      <![CDATA[Clicking on Next Button MemberDetails_Page ]]>
    </line>
    <line>
      <![CDATA[Entering MobileNumber]]>
    </line>
    <line>
      <![CDATA[Clicking on Continue Button  ]]>
    </line>
    <line>
      <![CDATA[Closing Browser..]]>
    </line>
    <line>
      <![CDATA[Launching Browser]]>
    </line>
    <line>
      <![CDATA[Waiting..]]>
    </line>
    <line>
      <![CDATA[Clicking on Gender Button ]]>
    </line>
    <line>
      <![CDATA[Clicking on Next Button HealthPlanPage ]]>
    </line>
    <line>
      <![CDATA[Handling Age DropDown..]]>
    </line>
    <line>
      <![CDATA[Clicking on Next Button MemberDetails_Page ]]>
    </line>
    <line>
      <![CDATA[Entering PinCode]]>
    </line>
    <line>
      <![CDATA[Clicking on Continue Button  ]]>
    </line>
    <line>
      <![CDATA[Closing Browser..]]>
    </line>
  </reporter-output>
  <suite started-at="2024-10-14T12:11:18 IST" name="Default suite" finished-at="2024-10-14T12:11:48 IST" duration-ms="30593">
    <groups>
    </groups>
    <test started-at="2024-10-14T12:11:18 IST" name="Default test" finished-at="2024-10-14T12:11:48 IST" duration-ms="30593">
      <class name="coverFoxTest.TC12345_CoverFox_ValidateErrorMsgs">
        <test-method is-config="true" signature="enterDetails()[pri:0, instance:coverFoxTest.TC12345_CoverFox_ValidateErrorMsgs@62379589]" started-at="2024-10-14T12:11:18 IST" name="enterDetails" finished-at="2024-10-14T12:11:30 IST" duration-ms="12290" status="PASS">
          <reporter-output>
            <line>
              <![CDATA[Launching Browser]]>
            </line>
            <line>
              <![CDATA[Waiting..]]>
            </line>
            <line>
              <![CDATA[Clicking on Gender Button ]]>
            </line>
            <line>
              <![CDATA[Clicking on Next Button HealthPlanPage ]]>
            </line>
            <line>
              <![CDATA[Handling Age DropDown..]]>
            </line>
            <line>
              <![CDATA[Clicking on Next Button MemberDetails_Page ]]>
            </line>
          </reporter-output>
        </test-method> <!-- enterDetails -->
        <test-method signature="validatePincodeErrMsg()[pri:-1, instance:coverFoxTest.TC12345_CoverFox_ValidateErrorMsgs@62379589]" started-at="2024-10-14T12:11:30 IST" name="validatePincodeErrMsg" finished-at="2024-10-14T12:11:32 IST" duration-ms="2465" status="PASS">
          <reporter-output>
            <line>
              <![CDATA[Entering MobileNumber]]>
            </line>
            <line>
              <![CDATA[Clicking on Continue Button  ]]>
            </line>
          </reporter-output>
        </test-method> <!-- validatePincodeErrMsg -->
        <test-method is-config="true" signature="closeApplication()[pri:0, instance:coverFoxTest.TC12345_CoverFox_ValidateErrorMsgs@62379589]" started-at="2024-10-14T12:11:32 IST" name="closeApplication" finished-at="2024-10-14T12:11:33 IST" duration-ms="705" status="PASS">
          <reporter-output>
            <line>
              <![CDATA[Closing Browser..]]>
            </line>
          </reporter-output>
        </test-method> <!-- closeApplication -->
        <test-method is-config="true" signature="enterDetails()[pri:0, instance:coverFoxTest.TC12345_CoverFox_ValidateErrorMsgs@62379589]" started-at="2024-10-14T12:11:33 IST" name="enterDetails" finished-at="2024-10-14T12:11:45 IST" duration-ms="12215" status="PASS">
          <reporter-output>
            <line>
              <![CDATA[Launching Browser]]>
            </line>
            <line>
              <![CDATA[Waiting..]]>
            </line>
            <line>
              <![CDATA[Clicking on Gender Button ]]>
            </line>
            <line>
              <![CDATA[Clicking on Next Button HealthPlanPage ]]>
            </line>
            <line>
              <![CDATA[Handling Age DropDown..]]>
            </line>
            <line>
              <![CDATA[Clicking on Next Button MemberDetails_Page ]]>
            </line>
          </reporter-output>
        </test-method> <!-- enterDetails -->
        <test-method signature="validateMobileNumErrMsg()[pri:0, instance:coverFoxTest.TC12345_CoverFox_ValidateErrorMsgs@62379589]" started-at="2024-10-14T12:11:45 IST" name="validateMobileNumErrMsg" finished-at="2024-10-14T12:11:48 IST" duration-ms="2284" status="PASS">
          <reporter-output>
            <line>
              <![CDATA[Entering PinCode]]>
            </line>
            <line>
              <![CDATA[Clicking on Continue Button  ]]>
            </line>
          </reporter-output>
        </test-method> <!-- validateMobileNumErrMsg -->
        <test-method is-config="true" signature="closeApplication()[pri:0, instance:coverFoxTest.TC12345_CoverFox_ValidateErrorMsgs@62379589]" started-at="2024-10-14T12:11:48 IST" name="closeApplication" finished-at="2024-10-14T12:11:48 IST" duration-ms="585" status="PASS">
          <reporter-output>
            <line>
              <![CDATA[Closing Browser..]]>
            </line>
          </reporter-output>
        </test-method> <!-- closeApplication -->
      </class> <!-- coverFoxTest.TC12345_CoverFox_ValidateErrorMsgs -->
    </test> <!-- Default test -->
  </suite> <!-- Default suite -->
</testng-results>
